<?xml version="1.0" encoding="UTF-8" ?>
<testsuite failures="12" time="0.117" errors="0" skipped="0" tests="12" name="org.server.BankTest">
  <properties>
    <property name="java.runtime.name" value="OpenJDK Runtime Environment"/>
    <property name="sun.boot.library.path" value="/usr/lib/jvm/java-7-openjdk-i386/jre/lib/i386"/>
    <property name="java.vm.version" value="23.7-b01"/>
    <property name="java.vm.vendor" value="Oracle Corporation"/>
    <property name="java.vendor.url" value="http://java.oracle.com/"/>
    <property name="path.separator" value=":"/>
    <property name="java.vm.name" value="OpenJDK Server VM"/>
    <property name="file.encoding.pkg" value="sun.io"/>
    <property name="user.country" value="US"/>
    <property name="sun.java.launcher" value="SUN_STANDARD"/>
    <property name="sun.os.patch.level" value="unknown"/>
    <property name="java.vm.specification.name" value="Java Virtual Machine Specification"/>
    <property name="user.dir" value="/home/mark/eclipse_workspaces/workspace1/MyRepo/Bank/server"/>
    <property name="java.runtime.version" value="1.7.0_21-b02"/>
    <property name="java.awt.graphicsenv" value="sun.awt.X11GraphicsEnvironment"/>
    <property name="basedir" value="/home/mark/eclipse_workspaces/workspace1/MyRepo/Bank/server"/>
    <property name="java.endorsed.dirs" value="/usr/lib/jvm/java-7-openjdk-i386/jre/lib/endorsed"/>
    <property name="os.arch" value="i386"/>
    <property name="surefire.real.class.path" value="/home/mark/eclipse_workspaces/workspace1/MyRepo/Bank/server/target/surefire/surefirebooter1545912256588128639.jar"/>
    <property name="java.io.tmpdir" value="/tmp"/>
    <property name="line.separator" value="
"/>
    <property name="java.vm.specification.vendor" value="Oracle Corporation"/>
    <property name="os.name" value="Linux"/>
    <property name="sun.jnu.encoding" value="UTF-8"/>
    <property name="java.library.path" value="/usr/lib/jvm/java-7-openjdk-i386/jre/lib/i386/server:/usr/lib/jvm/java-7-openjdk-i386/jre/lib/i386:/usr/lib/jvm/java-7-openjdk-i386/jre/../lib/i386:/usr/lib/jvm/java-7-openjdk-i386/jre/lib/i386/client:/usr/lib/jvm/java-7-openjdk-i386/jre/lib/i386::/usr/java/packages/lib/i386:/usr/lib/jni:/lib:/usr/lib"/>
    <property name="surefire.test.class.path" value="/home/mark/eclipse_workspaces/workspace1/MyRepo/Bank/server/target/test-classes:/home/mark/eclipse_workspaces/workspace1/MyRepo/Bank/server/target/classes:/home/mark/.m2/repository/junit/junit/3.8.1/junit-3.8.1.jar:/home/mark/.m2/repository/log4j/log4j/1.2.16/log4j-1.2.16.jar:/home/mark/.m2/repository/org/apache/maven/plugins/maven-resources-plugin/2.4.3/maven-resources-plugin-2.4.3.jar:/home/mark/.m2/repository/org/apache/maven/maven-plugin-api/2.0.6/maven-plugin-api-2.0.6.jar:/home/mark/.m2/repository/org/apache/maven/maven-project/2.0.6/maven-project-2.0.6.jar:/home/mark/.m2/repository/org/apache/maven/maven-profile/2.0.6/maven-profile-2.0.6.jar:/home/mark/.m2/repository/org/apache/maven/maven-artifact-manager/2.0.6/maven-artifact-manager-2.0.6.jar:/home/mark/.m2/repository/org/apache/maven/maven-plugin-registry/2.0.6/maven-plugin-registry-2.0.6.jar:/home/mark/.m2/repository/org/apache/maven/maven-core/2.0.6/maven-core-2.0.6.jar:/home/mark/.m2/repository/org/apache/maven/wagon/wagon-file/1.0-beta-2/wagon-file-1.0-beta-2.jar:/home/mark/.m2/repository/org/apache/maven/maven-plugin-parameter-documenter/2.0.6/maven-plugin-parameter-documenter-2.0.6.jar:/home/mark/.m2/repository/org/apache/maven/wagon/wagon-http-lightweight/1.0-beta-2/wagon-http-lightweight-1.0-beta-2.jar:/home/mark/.m2/repository/org/apache/maven/wagon/wagon-http-shared/1.0-beta-2/wagon-http-shared-1.0-beta-2.jar:/home/mark/.m2/repository/jtidy/jtidy/4aug2000r7-dev/jtidy-4aug2000r7-dev.jar:/home/mark/.m2/repository/xml-apis/xml-apis/1.0.b2/xml-apis-1.0.b2.jar:/home/mark/.m2/repository/org/apache/maven/reporting/maven-reporting-api/2.0.6/maven-reporting-api-2.0.6.jar:/home/mark/.m2/repository/org/apache/maven/doxia/doxia-sink-api/1.0-alpha-7/doxia-sink-api-1.0-alpha-7.jar:/home/mark/.m2/repository/org/apache/maven/wagon/wagon-provider-api/1.0-beta-2/wagon-provider-api-1.0-beta-2.jar:/home/mark/.m2/repository/org/apache/maven/maven-repository-metadata/2.0.6/maven-repository-metadata-2.0.6.jar:/home/mark/.m2/repository/org/apache/maven/maven-error-diagnostics/2.0.6/maven-error-diagnostics-2.0.6.jar:/home/mark/.m2/repository/commons-cli/commons-cli/1.0/commons-cli-1.0.jar:/home/mark/.m2/repository/org/apache/maven/wagon/wagon-ssh-external/1.0-beta-2/wagon-ssh-external-1.0-beta-2.jar:/home/mark/.m2/repository/org/apache/maven/wagon/wagon-ssh-common/1.0-beta-2/wagon-ssh-common-1.0-beta-2.jar:/home/mark/.m2/repository/org/apache/maven/maven-plugin-descriptor/2.0.6/maven-plugin-descriptor-2.0.6.jar:/home/mark/.m2/repository/org/codehaus/plexus/plexus-interactivity-api/1.0-alpha-4/plexus-interactivity-api-1.0-alpha-4.jar:/home/mark/.m2/repository/org/apache/maven/wagon/wagon-ssh/1.0-beta-2/wagon-ssh-1.0-beta-2.jar:/home/mark/.m2/repository/com/jcraft/jsch/0.1.27/jsch-0.1.27.jar:/home/mark/.m2/repository/classworlds/classworlds/1.1/classworlds-1.1.jar:/home/mark/.m2/repository/org/apache/maven/maven-artifact/2.0.6/maven-artifact-2.0.6.jar:/home/mark/.m2/repository/org/apache/maven/maven-settings/2.0.6/maven-settings-2.0.6.jar:/home/mark/.m2/repository/org/apache/maven/maven-model/2.0.6/maven-model-2.0.6.jar:/home/mark/.m2/repository/org/apache/maven/maven-monitor/2.0.6/maven-monitor-2.0.6.jar:/home/mark/.m2/repository/org/codehaus/plexus/plexus-container-default/1.0-alpha-9-stable-1/plexus-container-default-1.0-alpha-9-stable-1.jar:/home/mark/.m2/repository/org/codehaus/plexus/plexus-utils/2.0.5/plexus-utils-2.0.5.jar:/home/mark/.m2/repository/org/apache/maven/shared/maven-filtering/1.0-beta-4/maven-filtering-1.0-beta-4.jar:/home/mark/.m2/repository/org/sonatype/plexus/plexus-build-api/0.0.4/plexus-build-api-0.0.4.jar:/home/mark/.m2/repository/org/codehaus/plexus/plexus-interpolation/1.13/plexus-interpolation-1.13.jar:"/>
    <property name="java.specification.name" value="Java Platform API Specification"/>
    <property name="java.class.version" value="51.0"/>
    <property name="sun.management.compiler" value="HotSpot Tiered Compilers"/>
    <property name="os.version" value="3.2.0-45-generic-pae"/>
    <property name="user.home" value="/home/mark"/>
    <property name="user.timezone" value=""/>
    <property name="java.awt.printerjob" value="sun.print.PSPrinterJob"/>
    <property name="file.encoding" value="UTF-8"/>
    <property name="java.specification.version" value="1.7"/>
    <property name="user.name" value="mark"/>
    <property name="java.class.path" value="/home/mark/eclipse_workspaces/workspace1/MyRepo/Bank/server/target/test-classes:/home/mark/eclipse_workspaces/workspace1/MyRepo/Bank/server/target/classes:/home/mark/.m2/repository/junit/junit/3.8.1/junit-3.8.1.jar:/home/mark/.m2/repository/log4j/log4j/1.2.16/log4j-1.2.16.jar:/home/mark/.m2/repository/org/apache/maven/plugins/maven-resources-plugin/2.4.3/maven-resources-plugin-2.4.3.jar:/home/mark/.m2/repository/org/apache/maven/maven-plugin-api/2.0.6/maven-plugin-api-2.0.6.jar:/home/mark/.m2/repository/org/apache/maven/maven-project/2.0.6/maven-project-2.0.6.jar:/home/mark/.m2/repository/org/apache/maven/maven-profile/2.0.6/maven-profile-2.0.6.jar:/home/mark/.m2/repository/org/apache/maven/maven-artifact-manager/2.0.6/maven-artifact-manager-2.0.6.jar:/home/mark/.m2/repository/org/apache/maven/maven-plugin-registry/2.0.6/maven-plugin-registry-2.0.6.jar:/home/mark/.m2/repository/org/apache/maven/maven-core/2.0.6/maven-core-2.0.6.jar:/home/mark/.m2/repository/org/apache/maven/wagon/wagon-file/1.0-beta-2/wagon-file-1.0-beta-2.jar:/home/mark/.m2/repository/org/apache/maven/maven-plugin-parameter-documenter/2.0.6/maven-plugin-parameter-documenter-2.0.6.jar:/home/mark/.m2/repository/org/apache/maven/wagon/wagon-http-lightweight/1.0-beta-2/wagon-http-lightweight-1.0-beta-2.jar:/home/mark/.m2/repository/org/apache/maven/wagon/wagon-http-shared/1.0-beta-2/wagon-http-shared-1.0-beta-2.jar:/home/mark/.m2/repository/jtidy/jtidy/4aug2000r7-dev/jtidy-4aug2000r7-dev.jar:/home/mark/.m2/repository/xml-apis/xml-apis/1.0.b2/xml-apis-1.0.b2.jar:/home/mark/.m2/repository/org/apache/maven/reporting/maven-reporting-api/2.0.6/maven-reporting-api-2.0.6.jar:/home/mark/.m2/repository/org/apache/maven/doxia/doxia-sink-api/1.0-alpha-7/doxia-sink-api-1.0-alpha-7.jar:/home/mark/.m2/repository/org/apache/maven/wagon/wagon-provider-api/1.0-beta-2/wagon-provider-api-1.0-beta-2.jar:/home/mark/.m2/repository/org/apache/maven/maven-repository-metadata/2.0.6/maven-repository-metadata-2.0.6.jar:/home/mark/.m2/repository/org/apache/maven/maven-error-diagnostics/2.0.6/maven-error-diagnostics-2.0.6.jar:/home/mark/.m2/repository/commons-cli/commons-cli/1.0/commons-cli-1.0.jar:/home/mark/.m2/repository/org/apache/maven/wagon/wagon-ssh-external/1.0-beta-2/wagon-ssh-external-1.0-beta-2.jar:/home/mark/.m2/repository/org/apache/maven/wagon/wagon-ssh-common/1.0-beta-2/wagon-ssh-common-1.0-beta-2.jar:/home/mark/.m2/repository/org/apache/maven/maven-plugin-descriptor/2.0.6/maven-plugin-descriptor-2.0.6.jar:/home/mark/.m2/repository/org/codehaus/plexus/plexus-interactivity-api/1.0-alpha-4/plexus-interactivity-api-1.0-alpha-4.jar:/home/mark/.m2/repository/org/apache/maven/wagon/wagon-ssh/1.0-beta-2/wagon-ssh-1.0-beta-2.jar:/home/mark/.m2/repository/com/jcraft/jsch/0.1.27/jsch-0.1.27.jar:/home/mark/.m2/repository/classworlds/classworlds/1.1/classworlds-1.1.jar:/home/mark/.m2/repository/org/apache/maven/maven-artifact/2.0.6/maven-artifact-2.0.6.jar:/home/mark/.m2/repository/org/apache/maven/maven-settings/2.0.6/maven-settings-2.0.6.jar:/home/mark/.m2/repository/org/apache/maven/maven-model/2.0.6/maven-model-2.0.6.jar:/home/mark/.m2/repository/org/apache/maven/maven-monitor/2.0.6/maven-monitor-2.0.6.jar:/home/mark/.m2/repository/org/codehaus/plexus/plexus-container-default/1.0-alpha-9-stable-1/plexus-container-default-1.0-alpha-9-stable-1.jar:/home/mark/.m2/repository/org/codehaus/plexus/plexus-utils/2.0.5/plexus-utils-2.0.5.jar:/home/mark/.m2/repository/org/apache/maven/shared/maven-filtering/1.0-beta-4/maven-filtering-1.0-beta-4.jar:/home/mark/.m2/repository/org/sonatype/plexus/plexus-build-api/0.0.4/plexus-build-api-0.0.4.jar:/home/mark/.m2/repository/org/codehaus/plexus/plexus-interpolation/1.13/plexus-interpolation-1.13.jar:"/>
    <property name="java.vm.specification.version" value="1.7"/>
    <property name="sun.arch.data.model" value="32"/>
    <property name="java.home" value="/usr/lib/jvm/java-7-openjdk-i386/jre"/>
    <property name="sun.java.command" value="/home/mark/eclipse_workspaces/workspace1/MyRepo/Bank/server/target/surefire/surefirebooter1545912256588128639.jar /home/mark/eclipse_workspaces/workspace1/MyRepo/Bank/server/target/surefire/surefire743312917504942055tmp /home/mark/eclipse_workspaces/workspace1/MyRepo/Bank/server/target/surefire/surefire3365645666393724778tmp"/>
    <property name="java.specification.vendor" value="Oracle Corporation"/>
    <property name="user.language" value="en"/>
    <property name="awt.toolkit" value="sun.awt.X11.XToolkit"/>
    <property name="java.vm.info" value="mixed mode"/>
    <property name="java.version" value="1.7.0_21"/>
    <property name="java.ext.dirs" value="/usr/lib/jvm/java-7-openjdk-i386/jre/lib/ext:/usr/java/packages/lib/ext"/>
    <property name="sun.boot.class.path" value="/usr/lib/jvm/java-7-openjdk-i386/jre/lib/resources.jar:/usr/lib/jvm/java-7-openjdk-i386/jre/lib/rt.jar:/usr/lib/jvm/java-7-openjdk-i386/jre/lib/sunrsasign.jar:/usr/lib/jvm/java-7-openjdk-i386/jre/lib/jsse.jar:/usr/lib/jvm/java-7-openjdk-i386/jre/lib/jce.jar:/usr/lib/jvm/java-7-openjdk-i386/jre/lib/charsets.jar:/usr/lib/jvm/java-7-openjdk-i386/jre/lib/netx.jar:/usr/lib/jvm/java-7-openjdk-i386/jre/lib/plugin.jar:/usr/lib/jvm/java-7-openjdk-i386/jre/lib/rhino.jar:/usr/lib/jvm/java-7-openjdk-i386/jre/lib/jfr.jar:/usr/lib/jvm/java-7-openjdk-i386/jre/classes"/>
    <property name="java.vendor" value="Oracle Corporation"/>
    <property name="localRepository" value="/home/mark/.m2/repository"/>
    <property name="file.separator" value="/"/>
    <property name="java.vendor.url.bug" value="http://bugreport.sun.com/bugreport/"/>
    <property name="sun.cpu.endian" value="little"/>
    <property name="sun.io.unicode.encoding" value="UnicodeLittle"/>
    <property name="sun.desktop" value="gnome"/>
    <property name="sun.cpu.isalist" value=""/>
  </properties>
  <testcase time="0.01" classname="org.server.BankTest" name="org.server.BankTest.testCreateAccount1">
    <failure type="java.lang.NullPointerException">java.lang.NullPointerException
	at org.server.BankTest.testCreateAccount1(BankTest.java:16)
</failure>
    <system-out>@HL
@HL-------------------------------------------------------
@HL T E S T S
@HL-------------------------------------------------------
@SLRunning org.server.BankTest
</system-out>
  </testcase>
  <testcase time="0.017" classname="org.server.BankTest" name="org.server.BankTest.testFindAccount1">
    <failure type="java.lang.NullPointerException">java.lang.NullPointerException
	at org.server.BankTest.testFindAccount1(BankTest.java:23)
</failure>
  </testcase>
  <testcase time="0.003" classname="org.server.BankTest" name="org.server.BankTest.testFindAccount2">
    <failure type="java.lang.NullPointerException">java.lang.NullPointerException
	at org.server.BankTest.testFindAccount2(BankTest.java:30)
</failure>
  </testcase>
  <testcase time="0.004" classname="org.server.BankTest" name="org.server.BankTest.testDeposit1">
    <failure type="java.lang.NullPointerException">java.lang.NullPointerException
	at org.server.BankTest.testDeposit1(BankTest.java:36)
</failure>
  </testcase>
  <testcase time="0.019" classname="org.server.BankTest" name="org.server.BankTest.testDeposit2">
    <failure type="java.lang.NullPointerException">java.lang.NullPointerException
	at org.server.BankTest.testDeposit2(BankTest.java:44)
</failure>
  </testcase>
  <testcase time="0.003" classname="org.server.BankTest" name="org.server.BankTest.testWithdraw1">
    <failure type="java.lang.NullPointerException">java.lang.NullPointerException
	at org.server.BankTest.testWithdraw1(BankTest.java:55)
</failure>
  </testcase>
  <testcase time="0.003" classname="org.server.BankTest" name="org.server.BankTest.testWithdraw2">
    <failure type="java.lang.NullPointerException">java.lang.NullPointerException
	at org.server.BankTest.testWithdraw2(BankTest.java:63)
</failure>
  </testcase>
  <testcase time="0.002" classname="org.server.BankTest" name="org.server.BankTest.testTransfer1">
    <failure type="java.lang.NullPointerException">java.lang.NullPointerException
	at org.server.BankTest.testTransfer1(BankTest.java:70)
</failure>
  </testcase>
  <testcase time="0.002" classname="org.server.BankTest" name="org.server.BankTest.testTransfer2">
    <failure type="java.lang.NullPointerException">java.lang.NullPointerException
	at org.server.BankTest.testTransfer2(BankTest.java:76)
</failure>
  </testcase>
  <testcase time="0.002" classname="org.server.BankTest" name="org.server.BankTest.testTransfer3">
    <failure type="java.lang.NullPointerException">java.lang.NullPointerException
	at org.server.BankTest.testTransfer3(BankTest.java:82)
</failure>
  </testcase>
  <testcase time="0.005" classname="org.server.BankTest" name="org.server.BankTest.testTransfer4">
    <failure type="java.lang.NullPointerException">java.lang.NullPointerException
	at org.server.BankTest.testTransfer4(BankTest.java:89)
</failure>
  </testcase>
  <testcase time="0.009" classname="org.server.BankTest" name="org.server.BankTest.testTransfer5">
    <failure type="java.lang.NullPointerException">java.lang.NullPointerException
	at org.server.BankTest.testTransfer5(BankTest.java:96)
</failure>
  </testcase>
</testsuite>